[10-Oct-2023 06:26:13 +0200]: <1meevanp> DB Error: SQLSTATE[HY000] [1045] Access denied for user 'roundcube'@'localhost' (using password: YES) in C:\Domain\central.portal.xeise.com\hosting\roundcubemail-1.6.3\program\lib\Roundcube\rcube_db.php on line 201 (GET /roundcubemail-1.6.3/)
[10-Oct-2023 08:09:47 +0200]: <1meevanp> DB Error: SQLSTATE[28000]: [Microsoft][ODBC Driver 11 for SQL Server][SQL Server]Login failed for user 'iwan-mail'.  Reason: The password of the account must be changed. in C:\Domain\central.portal.xeise.com\hosting\roundcubemail-1.6.3\program\lib\Roundcube\rcube_db.php on line 201 (GET /roundcubemail-1.6.3/)
[10-Oct-2023 08:28:53 +0200]: <4ccug0du> IMAP Error: Login failed for iwan.setiawan@padmatirtawisesa.com against 10.100.100.19 from 192.168.18.4. AUTHENTICATE PLAIN: AUTHENTICATE failed in C:\Domain\central.portal.xeise.com\hosting\roundcubemail-1.6.3\program\lib\Roundcube\rcube_imap.php on line 211 (POST /roundcubemail-1.6.3/?_task=login&_action=login)
[11-Oct-2023 08:19:28 +0200]: <6i298741> PHP Error: Request security check failed (POST /roundcubemail/?_task=mail&_action=refresh)
[11-Oct-2023 08:21:17 +0200]: <5ql543fu> PHP Error: Request security check failed (POST /roundcubemail/?_task=mail&_action=refresh)
[11-Oct-2023 09:07:05 +0200]: <09lopflk> PHP Error: Request security check failed (POST /roundcubemail/?_task=mail&_action=refresh)
[29-Nov-2023 03:50:28 +0100]: <s6f9umr7> DB Error: SQLSTATE[28000]: [Microsoft][ODBC Driver 11 for SQL Server][SQL Server]Login failed for user 'iwan-mail'.  Reason: The password of the account has expired. in C:\Domain\central.input.xeise.com\hosting\roundcubemail\program\lib\Roundcube\rcube_db.php on line 201 (GET /roundcubemail/)
[29-Nov-2023 03:50:29 +0100]: <p0kbs8p6> DB Error: SQLSTATE[28000]: [Microsoft][ODBC Driver 11 for SQL Server][SQL Server]Login failed for user 'iwan-mail'.  Reason: The password of the account has expired. in C:\Domain\central.input.xeise.com\hosting\roundcubemail\program\lib\Roundcube\rcube_db.php on line 201 (GET /roundcubemail/?_task=mail)
[29-Nov-2023 03:50:42 +0100]: <feo2ajp7> DB Error: SQLSTATE[28000]: [Microsoft][ODBC Driver 11 for SQL Server][SQL Server]Login failed for user 'iwan-mail'.  Reason: The password of the account has expired. in C:\Domain\central.input.xeise.com\hosting\roundcubemail\program\lib\Roundcube\rcube_db.php on line 201 (GET /roundcubemail/)
[29-Nov-2023 03:50:43 +0100]: <p0kbs8p6> DB Error: SQLSTATE[28000]: [Microsoft][ODBC Driver 11 for SQL Server][SQL Server]Login failed for user 'iwan-mail'.  Reason: The password of the account has expired. in C:\Domain\central.input.xeise.com\hosting\roundcubemail\program\lib\Roundcube\rcube_db.php on line 201 (GET /roundcubemail/?_task=mail)
[12-Dec-2023 09:45:21 +0100]: <qb32730e> DB Error: SQLSTATE[28000]: [Microsoft][ODBC Driver 11 for SQL Server][SQL Server]Login failed for user 'iwan-mail'.  Reason: The password of the account has expired. in C:\Domain\central.input.xeise.com\hosting\roundcubemail\program\lib\Roundcube\rcube_db.php on line 201 (GET /roundcubemail/)
[12-Dec-2023 09:45:22 +0100]: <j44b3hgh> DB Error: SQLSTATE[28000]: [Microsoft][ODBC Driver 11 for SQL Server][SQL Server]Login failed for user 'iwan-mail'.  Reason: The password of the account has expired. in C:\Domain\central.input.xeise.com\hosting\roundcubemail\program\lib\Roundcube\rcube_db.php on line 201 (GET /roundcubemail/?_task=mail)
[12-Dec-2023 10:03:01 +0100]: <mh7l7fer> DB Error: SQLSTATE[28000]: [Microsoft][ODBC Driver 11 for SQL Server][SQL Server]Login failed for user 'iwan-mail'.  Reason: The password of the account has expired. in C:\Domain\central.input.xeise.com\hosting\roundcubemail\program\lib\Roundcube\rcube_db.php on line 201 (GET /roundcubemail/)
[12-Dec-2023 10:03:02 +0100]: <j44b3hgh> DB Error: SQLSTATE[28000]: [Microsoft][ODBC Driver 11 for SQL Server][SQL Server]Login failed for user 'iwan-mail'.  Reason: The password of the account has expired. in C:\Domain\central.input.xeise.com\hosting\roundcubemail\program\lib\Roundcube\rcube_db.php on line 201 (GET /roundcubemail/?_task=mail)
[12-Dec-2023 10:03:51 +0100]: <52c8ff68> DB Error: SQLSTATE[28000]: [Microsoft][ODBC Driver 11 for SQL Server][SQL Server]Login failed for user 'iwan-mail'.  Reason: The password of the account has expired. in C:\Domain\central.input.xeise.com\hosting\roundcubemail\program\lib\Roundcube\rcube_db.php on line 201 (GET /roundcubemail/)
[12-Dec-2023 10:03:52 +0100]: <j44b3hgh> DB Error: SQLSTATE[28000]: [Microsoft][ODBC Driver 11 for SQL Server][SQL Server]Login failed for user 'iwan-mail'.  Reason: The password of the account has expired. in C:\Domain\central.input.xeise.com\hosting\roundcubemail\program\lib\Roundcube\rcube_db.php on line 201 (GET /roundcubemail/?_task=mail)
[12-Dec-2023 10:40:16 +0100]: <vqbnrl85> DB Error: SQLSTATE[28000]: [Microsoft][ODBC Driver 11 for SQL Server][SQL Server]Login failed for user 'iwan-mail'.  Reason: The password of the account has expired. in C:\Domain\central.input.xeise.com\hosting\roundcubemail\program\lib\Roundcube\rcube_db.php on line 201 (GET /roundcubemail/)
[12-Dec-2023 10:40:17 +0100]: <tv7hrm4e> DB Error: SQLSTATE[28000]: [Microsoft][ODBC Driver 11 for SQL Server][SQL Server]Login failed for user 'iwan-mail'.  Reason: The password of the account has expired. in C:\Domain\central.input.xeise.com\hosting\roundcubemail\program\lib\Roundcube\rcube_db.php on line 201 (GET /roundcubemail/?_task=mail)
[12-Dec-2023 10:40:48 +0100]: <9d49tbgj> DB Error: SQLSTATE[28000]: [Microsoft][ODBC Driver 11 for SQL Server][SQL Server]Login failed for user 'iwan-mail'.  Reason: The password of the account has expired. in C:\Domain\central.input.xeise.com\hosting\roundcubemail\program\lib\Roundcube\rcube_db.php on line 201 (GET /roundcubemail/)
[12-Dec-2023 10:40:50 +0100]: <tv7hrm4e> DB Error: SQLSTATE[28000]: [Microsoft][ODBC Driver 11 for SQL Server][SQL Server]Login failed for user 'iwan-mail'.  Reason: The password of the account has expired. in C:\Domain\central.input.xeise.com\hosting\roundcubemail\program\lib\Roundcube\rcube_db.php on line 201 (GET /roundcubemail/?_task=mail)
[12-Dec-2023 10:42:25 +0100]: <tv7hrm4e> DB Error: SQLSTATE[28000]: [Microsoft][ODBC Driver 11 for SQL Server][SQL Server]Login failed for user 'iwan-mail'.  Reason: The password of the account has expired. in C:\Domain\central.input.xeise.com\hosting\roundcubemail\program\lib\Roundcube\rcube_db.php on line 201 (GET /roundcubemail/?_task=mail)
[12-Dec-2023 10:54:47 +0100]: <rodlrqv4> DB Error: SQLSTATE[28000]: [Microsoft][ODBC Driver 11 for SQL Server][SQL Server]Login failed for user 'iwan-mail'.  Reason: The password of the account has expired. in C:\Domain\central.input.xeise.com\hosting\roundcubemail\program\lib\Roundcube\rcube_db.php on line 201 (GET /roundcubemail/)
[12-Dec-2023 10:54:49 +0100]: <tv7hrm4e> DB Error: SQLSTATE[28000]: [Microsoft][ODBC Driver 11 for SQL Server][SQL Server]Login failed for user 'iwan-mail'.  Reason: The password of the account has expired. in C:\Domain\central.input.xeise.com\hosting\roundcubemail\program\lib\Roundcube\rcube_db.php on line 201 (GET /roundcubemail/?_task=mail)
[12-Dec-2023 11:02:41 +0100]: <tv7hrm4e> DB Error: SQLSTATE[28000]: [Microsoft][ODBC Driver 11 for SQL Server][SQL Server]Login failed for user 'iwan-mail'.  Reason: The password of the account has expired. in C:\Domain\central.input.xeise.com\hosting\roundcubemail\program\lib\Roundcube\rcube_db.php on line 201 (GET /roundcubemail/?_task=mail)
[13-Dec-2023 02:26:13 +0100]: <hlp54012> DB Error: SQLSTATE[28000]: [Microsoft][ODBC Driver 11 for SQL Server][SQL Server]Login failed for user 'iwan-mail'.  Reason: The password of the account has expired. in C:\Domain\central.input.xeise.com\hosting\roundcubemail\program\lib\Roundcube\rcube_db.php on line 201 (GET /roundcubemail/?_task=mail)
[13-Dec-2023 02:27:43 +0100]: <kmi6ic1n> DB Error: SQLSTATE[28000]: [Microsoft][ODBC Driver 11 for SQL Server][SQL Server]Login failed for user 'iwan-mail'.  Reason: The password of the account has expired. in C:\Domain\central.input.xeise.com\hosting\roundcubemail\program\lib\Roundcube\rcube_db.php on line 201 (GET /roundcubemail/)
[13-Dec-2023 02:27:44 +0100]: <hlp54012> DB Error: SQLSTATE[28000]: [Microsoft][ODBC Driver 11 for SQL Server][SQL Server]Login failed for user 'iwan-mail'.  Reason: The password of the account has expired. in C:\Domain\central.input.xeise.com\hosting\roundcubemail\program\lib\Roundcube\rcube_db.php on line 201 (GET /roundcubemail/?_task=mail)
[13-Dec-2023 02:33:09 +0100]: <g0jrmm9e> DB Error: SQLSTATE[28000]: [Microsoft][ODBC Driver 11 for SQL Server][SQL Server]Login failed for user 'iwan-mail'.  Reason: The password of the account has expired. in C:\Domain\central.input.xeise.com\hosting\roundcubemail\program\lib\Roundcube\rcube_db.php on line 201 (GET /roundcubemail/)
[13-Dec-2023 02:33:11 +0100]: <hlp54012> DB Error: SQLSTATE[28000]: [Microsoft][ODBC Driver 11 for SQL Server][SQL Server]Login failed for user 'iwan-mail'.  Reason: The password of the account has expired. in C:\Domain\central.input.xeise.com\hosting\roundcubemail\program\lib\Roundcube\rcube_db.php on line 201 (GET /roundcubemail/?_task=mail)
[13-Dec-2023 02:41:10 +0100]: <ilcaosor> DB Error: SQLSTATE[28000]: [Microsoft][ODBC Driver 11 for SQL Server][SQL Server]Login failed for user 'iwan-mail'.  Reason: The password of the account has expired. in C:\Domain\central.input.xeise.com\hosting\roundcubemail\program\lib\Roundcube\rcube_db.php on line 201 (GET /roundcubemail/)
[13-Dec-2023 02:41:12 +0100]: <hlp54012> DB Error: SQLSTATE[28000]: [Microsoft][ODBC Driver 11 for SQL Server][SQL Server]Login failed for user 'iwan-mail'.  Reason: The password of the account has expired. in C:\Domain\central.input.xeise.com\hosting\roundcubemail\program\lib\Roundcube\rcube_db.php on line 201 (GET /roundcubemail/?_task=mail)
[13-Dec-2023 02:48:53 +0100]: <f842vd1d> DB Error: SQLSTATE[28000]: [Microsoft][ODBC Driver 11 for SQL Server][SQL Server]Login failed for user 'iwan-mail'.  Reason: The password of the account has expired. in C:\Domain\central.input.xeise.com\hosting\roundcubemail\program\lib\Roundcube\rcube_db.php on line 201 (GET /roundcubemail/)
[13-Dec-2023 02:48:54 +0100]: <1pl1s70l> DB Error: SQLSTATE[28000]: [Microsoft][ODBC Driver 11 for SQL Server][SQL Server]Login failed for user 'iwan-mail'.  Reason: The password of the account has expired. in C:\Domain\central.input.xeise.com\hosting\roundcubemail\program\lib\Roundcube\rcube_db.php on line 201 (GET /roundcubemail/?_task=mail)
[13-Dec-2023 02:49:59 +0100]: <hlp54012> DB Error: SQLSTATE[28000]: [Microsoft][ODBC Driver 11 for SQL Server][SQL Server]Login failed for user 'iwan-mail'.  Reason: The password of the account has expired. in C:\Domain\central.input.xeise.com\hosting\roundcubemail\program\lib\Roundcube\rcube_db.php on line 201 (GET /roundcubemail/)
[13-Dec-2023 02:52:37 +0100]: <1pl1s70l> DB Error: SQLSTATE[28000]: [Microsoft][ODBC Driver 11 for SQL Server][SQL Server]Login failed for user 'iwan-mail'.  Reason: The password of the account has expired. in C:\Domain\central.input.xeise.com\hosting\roundcubemail\program\lib\Roundcube\rcube_db.php on line 201 (GET /roundcubemail/)
[13-Dec-2023 03:02:56 +0100]: <hlp54012> DB Error: SQLSTATE[28000]: [Microsoft][ODBC Driver 11 for SQL Server][SQL Server]Login failed for user 'iwan-mail'.  Reason: The password of the account has expired. in C:\Domain\central.input.xeise.com\hosting\roundcubemail\program\lib\Roundcube\rcube_db.php on line 201 (GET /roundcubemail/)
[13-Dec-2023 04:26:45 +0100]: <4ki0r8l3> PHP Error: Request security check failed (POST /roundcubemail/?_task=mail&_action=refresh)
[13-Dec-2023 04:41:32 +0100]: <43iedeql> DB Error: could not find driver in C:\xampp\htdocs\_central_input\roundcubemail\program\lib\Roundcube\rcube_db.php on line 201 (GET /_central_input/roundcubemail/)
[13-Dec-2023 04:41:45 +0100]: <43iedeql> DB Error: could not find driver in C:\xampp\htdocs\_central_input\roundcubemail\program\lib\Roundcube\rcube_db.php on line 201 (GET /_central_input/roundcubemail/)
[13-Dec-2023 04:41:48 +0100]: <43iedeql> DB Error: could not find driver in C:\xampp\htdocs\_central_input\roundcubemail\program\lib\Roundcube\rcube_db.php on line 201 (GET /_central_input/roundcubemail/)
[13-Dec-2023 04:41:48 +0100]: <43iedeql> DB Error: could not find driver in C:\xampp\htdocs\_central_input\roundcubemail\program\lib\Roundcube\rcube_db.php on line 201 (GET /_central_input/roundcubemail/)
[13-Dec-2023 04:41:49 +0100]: <43iedeql> DB Error: could not find driver in C:\xampp\htdocs\_central_input\roundcubemail\program\lib\Roundcube\rcube_db.php on line 201 (GET /_central_input/roundcubemail/)
[13-Dec-2023 04:41:49 +0100]: <43iedeql> DB Error: could not find driver in C:\xampp\htdocs\_central_input\roundcubemail\program\lib\Roundcube\rcube_db.php on line 201 (GET /_central_input/roundcubemail/)
[13-Dec-2023 04:41:50 +0100]: <43iedeql> DB Error: could not find driver in C:\xampp\htdocs\_central_input\roundcubemail\program\lib\Roundcube\rcube_db.php on line 201 (GET /_central_input/roundcubemail/)
[13-Dec-2023 04:41:50 +0100]: <43iedeql> DB Error: could not find driver in C:\xampp\htdocs\_central_input\roundcubemail\program\lib\Roundcube\rcube_db.php on line 201 (GET /_central_input/roundcubemail/)
[13-Dec-2023 04:41:50 +0100]: <43iedeql> DB Error: could not find driver in C:\xampp\htdocs\_central_input\roundcubemail\program\lib\Roundcube\rcube_db.php on line 201 (GET /_central_input/roundcubemail/)
[13-Dec-2023 04:41:50 +0100]: <43iedeql> DB Error: could not find driver in C:\xampp\htdocs\_central_input\roundcubemail\program\lib\Roundcube\rcube_db.php on line 201 (GET /_central_input/roundcubemail/)
[13-Dec-2023 04:41:51 +0100]: <43iedeql> DB Error: could not find driver in C:\xampp\htdocs\_central_input\roundcubemail\program\lib\Roundcube\rcube_db.php on line 201 (GET /_central_input/roundcubemail/)
[13-Dec-2023 04:41:51 +0100]: <43iedeql> DB Error: could not find driver in C:\xampp\htdocs\_central_input\roundcubemail\program\lib\Roundcube\rcube_db.php on line 201 (GET /_central_input/roundcubemail/)
[13-Dec-2023 04:41:51 +0100]: <43iedeql> DB Error: could not find driver in C:\xampp\htdocs\_central_input\roundcubemail\program\lib\Roundcube\rcube_db.php on line 201 (GET /_central_input/roundcubemail/)
[13-Dec-2023 04:41:52 +0100]: <43iedeql> DB Error: could not find driver in C:\xampp\htdocs\_central_input\roundcubemail\program\lib\Roundcube\rcube_db.php on line 201 (GET /_central_input/roundcubemail/)
[13-Dec-2023 04:41:52 +0100]: <43iedeql> DB Error: could not find driver in C:\xampp\htdocs\_central_input\roundcubemail\program\lib\Roundcube\rcube_db.php on line 201 (GET /_central_input/roundcubemail/)
[13-Dec-2023 04:41:52 +0100]: <43iedeql> DB Error: could not find driver in C:\xampp\htdocs\_central_input\roundcubemail\program\lib\Roundcube\rcube_db.php on line 201 (GET /_central_input/roundcubemail/)
[13-Dec-2023 04:41:52 +0100]: <43iedeql> DB Error: could not find driver in C:\xampp\htdocs\_central_input\roundcubemail\program\lib\Roundcube\rcube_db.php on line 201 (GET /_central_input/roundcubemail/)
[13-Dec-2023 04:42:22 +0100]: <43iedeql> DB Error: could not find driver in C:\xampp\htdocs\_central_input\roundcubemail\program\lib\Roundcube\rcube_db.php on line 201 (GET /_central_input/roundcubemail/)
[13-Dec-2023 05:03:18 +0100]: <43iedeql> DB Error: could not find driver in C:\xampp\htdocs\_central_input\roundcubemail\program\lib\Roundcube\rcube_db.php on line 201 (GET /_central_input/roundcubemail/)
[13-Dec-2023 05:03:19 +0100]: <43iedeql> DB Error: could not find driver in C:\xampp\htdocs\_central_input\roundcubemail\program\lib\Roundcube\rcube_db.php on line 201 (GET /_central_input/roundcubemail/)
[13-Dec-2023 05:03:20 +0100]: <43iedeql> DB Error: could not find driver in C:\xampp\htdocs\_central_input\roundcubemail\program\lib\Roundcube\rcube_db.php on line 201 (GET /_central_input/roundcubemail/)
[13-Dec-2023 05:03:20 +0100]: <43iedeql> DB Error: could not find driver in C:\xampp\htdocs\_central_input\roundcubemail\program\lib\Roundcube\rcube_db.php on line 201 (GET /_central_input/roundcubemail/)
[13-Dec-2023 05:03:21 +0100]: <43iedeql> DB Error: could not find driver in C:\xampp\htdocs\_central_input\roundcubemail\program\lib\Roundcube\rcube_db.php on line 201 (GET /_central_input/roundcubemail/)
[13-Dec-2023 05:03:21 +0100]: <43iedeql> DB Error: could not find driver in C:\xampp\htdocs\_central_input\roundcubemail\program\lib\Roundcube\rcube_db.php on line 201 (GET /_central_input/roundcubemail/)
[13-Dec-2023 05:03:21 +0100]: <43iedeql> DB Error: could not find driver in C:\xampp\htdocs\_central_input\roundcubemail\program\lib\Roundcube\rcube_db.php on line 201 (GET /_central_input/roundcubemail/)
[13-Dec-2023 05:03:22 +0100]: <43iedeql> DB Error: could not find driver in C:\xampp\htdocs\_central_input\roundcubemail\program\lib\Roundcube\rcube_db.php on line 201 (GET /_central_input/roundcubemail/)
[13-Dec-2023 05:03:22 +0100]: <43iedeql> DB Error: could not find driver in C:\xampp\htdocs\_central_input\roundcubemail\program\lib\Roundcube\rcube_db.php on line 201 (GET /_central_input/roundcubemail/)
